This file contains any messages produced by compilers while
running configure, to aid debugging if configure makes a mistake.

It was created by ProjectX configure 0.1, which was
generated by GNU Autoconf 2.69.  Invocation command line was

  $ ./configure --enable-debugmode --with-wx-config=/groups/grigorieff/home/grantt/Apps/wxWidgets3/bin/wx-config

## --------- ##
## Platform. ##
## --------- ##

hostname = oslo.janelia.priv
uname -m = x86_64
uname -r = 3.18.7-100.fc20.x86_64
uname -s = Linux
uname -v = #1 SMP Wed Feb 11 19:01:50 UTC 2015

/usr/bin/uname -p = x86_64
/bin/uname -X     = unknown

/bin/arch              = x86_64
/usr/bin/arch -k       = unknown
/usr/convex/getsysinfo = unknown
/usr/bin/hostinfo      = unknown
/bin/machine           = unknown
/usr/bin/oslevel       = unknown
/bin/universe          = unknown

PATH: /groups/grigorieff/grigoriefflab/gware/spring/csachse-emspring-454a5fe5b8d1/bin
PATH: /groups/grigorieff/grigoriefflab/gware/bsoft/linux64/bin
PATH: /gware/Particle_1.8.2/bin
PATH: /groups/grigorieff/grigoriefflab/gware/frealix/bin
PATH: /groups/grigorieff/grigoriefflab/gware/Xmipp/linux64/bin
PATH: /groups/grigorieff/grigoriefflab/gware/EMAN2/Python/bin
PATH: /groups/grigorieff/grigoriefflab/gware/EMAN2/bin
PATH: /groups/grigorieff/grigoriefflab/gware/EMAN/linux64/bin
PATH: /groups/grigorieff/grigoriefflab/gware/intel/composer_xe_2013_sp1.3.174/bin/intel64
PATH: /groups/grigorieff/grigoriefflab/gware/intel/composer_xe_2013_sp1.3.174/mpirt/bin/intel64
PATH: /groups/grigorieff/grigoriefflab/gware/intel/composer_xe_2013_sp1.3.174/debugger/gdb/intel64_mic/py27/bin
PATH: /groups/grigorieff/grigoriefflab/gware/intel/composer_xe_2013_sp1.3.174/debugger/gdb/intel64/py27/bin
PATH: /groups/grigorieff/grigoriefflab/gware/intel/composer_xe_2013_sp1.3.174/bin/intel64
PATH: /groups/grigorieff/grigoriefflab/gware/intel/composer_xe_2013_sp1.3.174/bin/intel64_mic
PATH: /groups/grigorieff/grigoriefflab/gware/intel/composer_xe_2013_sp1.3.174/debugger/gui/intel64
PATH: /groups/grigorieff/grigoriefflab/gware/intel/advisor_xe_2015.0.0.346781/bin64
PATH: /groups/grigorieff/grigoriefflab/gware/nag/bin
PATH: ./
PATH: /groups/grigorieff/grigoriefflab/gware/spring/csachse-emspring-454a5fe5b8d1/bin
PATH: /groups/grigorieff/grigoriefflab/gware/bsoft/linux64/bin
PATH: /gware/Particle_1.8.2/bin
PATH: /groups/grigorieff/grigoriefflab/gware/imod/linux64/bin
PATH: /groups/grigorieff/grigoriefflab/gware/frealix/bin
PATH: /groups/grigorieff/grigoriefflab/gware/Xmipp/linux64/bin
PATH: /groups/grigorieff/grigoriefflab/gware/EMAN2/Python/bin
PATH: /groups/grigorieff/grigoriefflab/gware/EMAN2/bin
PATH: /groups/grigorieff/grigoriefflab/gware/EMAN/linux64/bin
PATH: /groups/grigorieff/grigoriefflab/gware/intel/composer_xe_2013_sp1.3.174/bin/intel64
PATH: /groups/grigorieff/grigoriefflab/gware/intel/composer_xe_2013_sp1.3.174/mpirt/bin/intel64
PATH: /groups/grigorieff/grigoriefflab/gware/intel/composer_xe_2013_sp1.3.174/debugger/gdb/intel64_mic/py27/bin
PATH: /groups/grigorieff/grigoriefflab/gware/intel/composer_xe_2013_sp1.3.174/debugger/gdb/intel64/py27/bin
PATH: /groups/grigorieff/grigoriefflab/gware/intel/composer_xe_2013_sp1.3.174/bin/intel64
PATH: /groups/grigorieff/grigoriefflab/gware/intel/composer_xe_2013_sp1.3.174/bin/intel64_mic
PATH: /groups/grigorieff/grigoriefflab/gware/intel/composer_xe_2013_sp1.3.174/debugger/gui/intel64
PATH: /groups/grigorieff/grigoriefflab/gware/intel/advisor_xe_2015.0.0.346781/bin64
PATH: /groups/grigorieff/grigoriefflab/gware/nag/bin
PATH: ./
PATH: /usr/lib64/qt-3.3/bin
PATH: /usr/lib64/ccache
PATH: /usr/local/bin
PATH: /usr/bin
PATH: /bin
PATH: /usr/local/sbin
PATH: /usr/sbin
PATH: /groups/grigorieff/grigoriefflab/gware/linux64bin
PATH: /groups/grigorieff/grigoriefflab/gware/simple2/apps
PATH: /groups/grigorieff/grigoriefflab/gware/simple2/bin
PATH: /groups/grigorieff/grigoriefflab/gware/situs
PATH: /groups/grigorieff/grigoriefflab/gware/XtalView/bin/share
PATH: /groups/grigorieff/grigoriefflab/gware/uppsala/bin
PATH: /groups/grigorieff/grigoriefflab/gware/spiderweb/spider/bin/
PATH: /groups/grigorieff/grigoriefflab/gware/image2000/linux64/bin
PATH: /groups/grigorieff/grigoriefflab/gware/image2000/linux64/local
PATH: /groups/grigorieff/grigoriefflab/gware/frealign_v9.09/bin
PATH: /groups/grigorieff/home/grantt/bin
PATH: /groups/grigorieff/grigoriefflab/gware/linux64bin
PATH: /groups/grigorieff/grigoriefflab/gware/simple2/apps
PATH: /groups/grigorieff/grigoriefflab/gware/simple2/bin
PATH: /groups/grigorieff/grigoriefflab/gware/situs
PATH: /groups/grigorieff/grigoriefflab/gware/XtalView/bin/share
PATH: /groups/grigorieff/grigoriefflab/gware/uppsala/bin
PATH: /groups/grigorieff/grigoriefflab/gware/spiderweb/spider/bin/
PATH: /groups/grigorieff/grigoriefflab/gware/image2000/linux64/bin
PATH: /groups/grigorieff/grigoriefflab/gware/image2000/linux64/local
PATH: /groups/grigorieff/grigoriefflab/gware/frealign_v9.09/bin
PATH: /groups/grigorieff/home/grantt/bin


## ----------- ##
## Core tests. ##
## ----------- ##

configure:2387: checking for a BSD-compatible install
configure:2455: result: /usr/bin/install -c
configure:2466: checking whether build environment is sane
configure:2521: result: yes
configure:2559: WARNING: 'missing' script is too old or missing
configure:2672: checking for a thread-safe mkdir -p
configure:2711: result: /usr/bin/mkdir -p
configure:2718: checking for gawk
configure:2734: found /usr/bin/gawk
configure:2745: result: gawk
configure:2756: checking whether make sets $(MAKE)
configure:2778: result: yes
configure:2807: checking whether make supports nested variables
configure:2824: result: yes
configure:2972: checking for g++
configure:2988: found /usr/lib64/ccache/g++
configure:2999: result: g++
configure:3026: checking for C++ compiler version
configure:3035: g++ --version >&5
g++ (GCC) 4.8.3 20140911 (Red Hat 4.8.3-7)
Copyright (C) 2013 Free Software Foundation, Inc.
This is free software; see the source for copying conditions.  There is NO
warranty; not even for MERCHANTABILITY or FITNESS FOR A PARTICULAR PURPOSE.

configure:3046: $? = 0
configure:3035: g++ -v >&5
Using built-in specs.
COLLECT_GCC=/usr/bin/g++
COLLECT_LTO_WRAPPER=/usr/libexec/gcc/x86_64-redhat-linux/4.8.3/lto-wrapper
Target: x86_64-redhat-linux
Configured with: ../configure --prefix=/usr --mandir=/usr/share/man --infodir=/usr/share/info --with-bugurl=http://bugzilla.redhat.com/bugzilla --enable-bootstrap --enable-shared --enable-threads=posix --enable-checking=release --with-system-zlib --enable-__cxa_atexit --disable-libunwind-exceptions --enable-gnu-unique-object --enable-linker-build-id --with-linker-hash-style=gnu --enable-languages=c,c++,objc,obj-c++,java,fortran,ada,go,lto --enable-plugin --enable-initfini-array --enable-java-awt=gtk --disable-dssi --with-java-home=/usr/lib/jvm/java-1.5.0-gcj-1.5.0.0/jre --enable-libgcj-multifile --enable-java-maintainer-mode --with-ecj-jar=/usr/share/java/eclipse-ecj.jar --disable-libjava-multilib --with-isl=/builddir/build/BUILD/gcc-4.8.3-20140911/obj-x86_64-redhat-linux/isl-install --with-cloog=/builddir/build/BUILD/gcc-4.8.3-20140911/obj-x86_64-redhat-linux/cloog-install --with-tune=generic --with-arch_32=i686 --build=x86_64-redhat-linux
Thread model: posix
gcc version 4.8.3 20140911 (Red Hat 4.8.3-7) (GCC) 
configure:3046: $? = 0
configure:3035: g++ -V >&5
g++: error: unrecognized command line option '-V'
g++: fatal error: no input files
compilation terminated.
configure:3046: $? = 4
configure:3035: g++ -qversion >&5
g++: error: unrecognized command line option '-qversion'
g++: fatal error: no input files
compilation terminated.
configure:3046: $? = 4
configure:3066: checking whether the C++ compiler works
configure:3088: g++   -L/groups/grigorieff/grigoriefflab/gware/fftw/lib -L/groups/grigorieff/grigoriefflab/gware/fftw/lib  conftest.cpp  >&5
configure:3092: $? = 0
configure:3140: result: yes
configure:3143: checking for C++ compiler default output file name
configure:3145: result: a.out
configure:3151: checking for suffix of executables
configure:3158: g++ -o conftest   -L/groups/grigorieff/grigoriefflab/gware/fftw/lib -L/groups/grigorieff/grigoriefflab/gware/fftw/lib  conftest.cpp  >&5
configure:3162: $? = 0
configure:3184: result: 
configure:3206: checking whether we are cross compiling
configure:3214: g++ -o conftest   -L/groups/grigorieff/grigoriefflab/gware/fftw/lib -L/groups/grigorieff/grigoriefflab/gware/fftw/lib  conftest.cpp  >&5
configure:3218: $? = 0
configure:3225: ./conftest
configure:3229: $? = 0
configure:3244: result: no
configure:3249: checking for suffix of object files
configure:3271: g++ -c   conftest.cpp >&5
configure:3275: $? = 0
configure:3296: result: o
configure:3300: checking whether we are using the GNU C++ compiler
configure:3319: g++ -c   conftest.cpp >&5
configure:3319: $? = 0
configure:3328: result: yes
configure:3337: checking whether g++ accepts -g
configure:3357: g++ -c -g  conftest.cpp >&5
configure:3357: $? = 0
configure:3398: result: yes
configure:3432: checking for style of include used by make
configure:3460: result: GNU
configure:3486: checking dependency style of g++
configure:3597: result: gcc3
configure:3646: checking build system type
configure:3660: result: x86_64-unknown-linux-gnu
configure:3680: checking host system type
configure:3693: result: x86_64-unknown-linux-gnu
configure:3734: checking how to print strings
configure:3761: result: printf
configure:3830: checking for gcc
configure:3846: found /usr/lib64/ccache/gcc
configure:3857: result: gcc
configure:4086: checking for C compiler version
configure:4095: gcc --version >&5
gcc (GCC) 4.8.3 20140911 (Red Hat 4.8.3-7)
Copyright (C) 2013 Free Software Foundation, Inc.
This is free software; see the source for copying conditions.  There is NO
warranty; not even for MERCHANTABILITY or FITNESS FOR A PARTICULAR PURPOSE.

configure:4106: $? = 0
configure:4095: gcc -v >&5
Using built-in specs.
COLLECT_GCC=/usr/bin/gcc
COLLECT_LTO_WRAPPER=/usr/libexec/gcc/x86_64-redhat-linux/4.8.3/lto-wrapper
Target: x86_64-redhat-linux
Configured with: ../configure --prefix=/usr --mandir=/usr/share/man --infodir=/usr/share/info --with-bugurl=http://bugzilla.redhat.com/bugzilla --enable-bootstrap --enable-shared --enable-threads=posix --enable-checking=release --with-system-zlib --enable-__cxa_atexit --disable-libunwind-exceptions --enable-gnu-unique-object --enable-linker-build-id --with-linker-hash-style=gnu --enable-languages=c,c++,objc,obj-c++,java,fortran,ada,go,lto --enable-plugin --enable-initfini-array --enable-java-awt=gtk --disable-dssi --with-java-home=/usr/lib/jvm/java-1.5.0-gcj-1.5.0.0/jre --enable-libgcj-multifile --enable-java-maintainer-mode --with-ecj-jar=/usr/share/java/eclipse-ecj.jar --disable-libjava-multilib --with-isl=/builddir/build/BUILD/gcc-4.8.3-20140911/obj-x86_64-redhat-linux/isl-install --with-cloog=/builddir/build/BUILD/gcc-4.8.3-20140911/obj-x86_64-redhat-linux/cloog-install --with-tune=generic --with-arch_32=i686 --build=x86_64-redhat-linux
Thread model: posix
gcc version 4.8.3 20140911 (Red Hat 4.8.3-7) (GCC) 
configure:4106: $? = 0
configure:4095: gcc -V >&5
gcc: error: unrecognized command line option '-V'
gcc: fatal error: no input files
compilation terminated.
configure:4106: $? = 4
configure:4095: gcc -qversion >&5
gcc: error: unrecognized command line option '-qversion'
gcc: fatal error: no input files
compilation terminated.
configure:4106: $? = 4
configure:4110: checking whether we are using the GNU C compiler
configure:4129: gcc -c   conftest.c >&5
configure:4129: $? = 0
configure:4138: result: yes
configure:4147: checking whether gcc accepts -g
configure:4167: gcc -c -g  conftest.c >&5
configure:4167: $? = 0
configure:4208: result: yes
configure:4225: checking for gcc option to accept ISO C89
configure:4288: gcc  -c   conftest.c >&5
configure:4288: $? = 0
configure:4301: result: none needed
configure:4323: checking dependency style of gcc
configure:4434: result: gcc3
configure:4449: checking for a sed that does not truncate output
configure:4513: result: /usr/bin/sed
configure:4531: checking for grep that handles long lines and -e
configure:4589: result: /usr/bin/grep
configure:4594: checking for egrep
configure:4656: result: /usr/bin/grep -E
configure:4661: checking for fgrep
configure:4723: result: /usr/bin/grep -F
configure:4758: checking for ld used by gcc
configure:4825: result: /usr/bin/ld
configure:4832: checking if the linker (/usr/bin/ld) is GNU ld
configure:4847: result: yes
configure:4859: checking for BSD- or MS-compatible name lister (nm)
configure:4908: result: /usr/bin/nm -B
configure:5038: checking the name lister (/usr/bin/nm -B) interface
configure:5045: gcc -c   conftest.c >&5
configure:5048: /usr/bin/nm -B "conftest.o"
configure:5051: output
0000000000000000 B some_variable
configure:5058: result: BSD nm
configure:5061: checking whether ln -s works
configure:5065: result: yes
configure:5073: checking the maximum length of command line arguments
configure:5203: result: 1572864
configure:5220: checking whether the shell understands some XSI constructs
configure:5230: result: yes
configure:5234: checking whether the shell understands "+="
configure:5240: result: yes
configure:5275: checking how to convert x86_64-unknown-linux-gnu file names to x86_64-unknown-linux-gnu format
configure:5315: result: func_convert_file_noop
configure:5322: checking how to convert x86_64-unknown-linux-gnu file names to toolchain format
configure:5342: result: func_convert_file_noop
configure:5349: checking for /usr/bin/ld option to reload object files
configure:5356: result: -r
configure:5430: checking for objdump
configure:5446: found /usr/bin/objdump
configure:5457: result: objdump
configure:5489: checking how to recognize dependent libraries
configure:5691: result: pass_all
configure:5776: checking for dlltool
configure:5806: result: no
configure:5836: checking how to associate runtime and link libraries
configure:5863: result: printf %s\n
configure:5924: checking for ar
configure:5940: found /usr/bin/ar
configure:5951: result: ar
configure:5988: checking for archiver @FILE support
configure:6005: gcc -c   conftest.c >&5
configure:6005: $? = 0
configure:6008: ar cru libconftest.a @conftest.lst >&5
configure:6011: $? = 0
configure:6016: ar cru libconftest.a @conftest.lst >&5
ar: conftest.o: No such file or directory
configure:6019: $? = 1
configure:6031: result: @
configure:6089: checking for strip
configure:6105: found /usr/bin/strip
configure:6116: result: strip
configure:6188: checking for ranlib
configure:6204: found /usr/bin/ranlib
configure:6215: result: ranlib
configure:6317: checking command to parse /usr/bin/nm -B output from gcc object
configure:6437: gcc -c   conftest.c >&5
configure:6440: $? = 0
configure:6444: /usr/bin/nm -B conftest.o \| sed -n -e 's/^.*[ ]\([ABCDGIRSTW][ABCDGIRSTW]*\)[ ][ ]*\([_A-Za-z][_A-Za-z0-9]*\)$/\1 \2 \2/p' | sed '/ __gnu_lto/d' \> conftest.nm
configure:6447: $? = 0
configure:6513: gcc -o conftest   -L/groups/grigorieff/grigoriefflab/gware/fftw/lib -L/groups/grigorieff/grigoriefflab/gware/fftw/lib  conftest.c conftstm.o >&5
configure:6516: $? = 0
configure:6554: result: ok
configure:6591: checking for sysroot
configure:6621: result: no
configure:6698: gcc -c   conftest.c >&5
configure:6701: $? = 0
configure:6883: checking for mt
configure:6913: result: no
configure:6933: checking if : is a manifest tool
configure:6939: : '-?'
configure:6947: result: no
configure:7589: checking how to run the C preprocessor
configure:7620: gcc -E  conftest.c
configure:7620: $? = 0
configure:7634: gcc -E  conftest.c
conftest.c:11:28: fatal error: ac_nonexistent.h: No such file or directory
 #include <ac_nonexistent.h>
                            ^
compilation terminated.
configure:7634: $? = 1
configure: failed program was:
| /* confdefs.h */
| #define PACKAGE_NAME "ProjectX"
| #define PACKAGE_TARNAME "projectx"
| #define PACKAGE_VERSION "0.1"
| #define PACKAGE_STRING "ProjectX 0.1"
| #define PACKAGE_BUGREPORT ""
| #define PACKAGE_URL ""
| #define PACKAGE "projectx"
| #define VERSION "0.1"
| /* end confdefs.h.  */
| #include <ac_nonexistent.h>
configure:7659: result: gcc -E
configure:7679: gcc -E  conftest.c
configure:7679: $? = 0
configure:7693: gcc -E  conftest.c
conftest.c:11:28: fatal error: ac_nonexistent.h: No such file or directory
 #include <ac_nonexistent.h>
                            ^
compilation terminated.
configure:7693: $? = 1
configure: failed program was:
| /* confdefs.h */
| #define PACKAGE_NAME "ProjectX"
| #define PACKAGE_TARNAME "projectx"
| #define PACKAGE_VERSION "0.1"
| #define PACKAGE_STRING "ProjectX 0.1"
| #define PACKAGE_BUGREPORT ""
| #define PACKAGE_URL ""
| #define PACKAGE "projectx"
| #define VERSION "0.1"
| /* end confdefs.h.  */
| #include <ac_nonexistent.h>
configure:7722: checking for ANSI C header files
configure:7742: gcc -c   conftest.c >&5
configure:7742: $? = 0
configure:7815: gcc -o conftest   -L/groups/grigorieff/grigoriefflab/gware/fftw/lib -L/groups/grigorieff/grigoriefflab/gware/fftw/lib  conftest.c  >&5
configure:7815: $? = 0
configure:7815: ./conftest
configure:7815: $? = 0
configure:7826: result: yes
configure:7839: checking for sys/types.h
configure:7839: gcc -c   conftest.c >&5
configure:7839: $? = 0
configure:7839: result: yes
configure:7839: checking for sys/stat.h
configure:7839: gcc -c   conftest.c >&5
configure:7839: $? = 0
configure:7839: result: yes
configure:7839: checking for stdlib.h
configure:7839: gcc -c   conftest.c >&5
configure:7839: $? = 0
configure:7839: result: yes
configure:7839: checking for string.h
configure:7839: gcc -c   conftest.c >&5
configure:7839: $? = 0
configure:7839: result: yes
configure:7839: checking for memory.h
configure:7839: gcc -c   conftest.c >&5
configure:7839: $? = 0
configure:7839: result: yes
configure:7839: checking for strings.h
configure:7839: gcc -c   conftest.c >&5
configure:7839: $? = 0
configure:7839: result: yes
configure:7839: checking for inttypes.h
configure:7839: gcc -c   conftest.c >&5
configure:7839: $? = 0
configure:7839: result: yes
configure:7839: checking for stdint.h
configure:7839: gcc -c   conftest.c >&5
configure:7839: $? = 0
configure:7839: result: yes
configure:7839: checking for unistd.h
configure:7839: gcc -c   conftest.c >&5
configure:7839: $? = 0
configure:7839: result: yes
configure:7853: checking for dlfcn.h
configure:7853: gcc -c   conftest.c >&5
configure:7853: $? = 0
configure:7853: result: yes
configure:8068: checking for objdir
configure:8083: result: .libs
configure:8350: checking if gcc supports -fno-rtti -fno-exceptions
configure:8368: gcc -c   -fno-rtti -fno-exceptions conftest.c >&5
cc1: warning: command line option '-fno-rtti' is valid for C++/ObjC++ but not for C [enabled by default]
cc1: warning: command line option '-fno-rtti' is valid for C++/ObjC++ but not for C [enabled by default]
configure:8372: $? = 0
configure:8385: result: no
configure:8712: checking for gcc option to produce PIC
configure:8719: result: -fPIC -DPIC
configure:8727: checking if gcc PIC flag -fPIC -DPIC works
configure:8745: gcc -c   -fPIC -DPIC -DPIC conftest.c >&5
configure:8749: $? = 0
configure:8762: result: yes
configure:8791: checking if gcc static flag -static works
configure:8819: result: no
configure:8834: checking if gcc supports -c -o file.o
configure:8855: gcc -c   -o out/conftest2.o conftest.c >&5
configure:8859: $? = 0
configure:8881: result: yes
configure:8889: checking if gcc supports -c -o file.o
configure:8936: result: yes
configure:8969: checking whether the gcc linker (/usr/bin/ld -m elf_x86_64) supports shared libraries
configure:10122: result: yes
configure:10159: checking whether -lc should be explicitly linked in
configure:10167: gcc -c   conftest.c >&5
configure:10170: $? = 0
configure:10185: gcc -shared  -fPIC -DPIC conftest.o  -v -Wl,-soname -Wl,conftest -o conftest 2\>\&1 \| /usr/bin/grep  -lc  \>/dev/null 2\>\&1
configure:10188: $? = 0
configure:10202: result: no
configure:10362: checking dynamic linker characteristics
configure:10873: gcc -o conftest   -L/groups/grigorieff/grigoriefflab/gware/fftw/lib -L/groups/grigorieff/grigoriefflab/gware/fftw/lib  -Wl,-rpath -Wl,/foo conftest.c  >&5
configure:10873: $? = 0
configure:11099: result: GNU/Linux ld.so
configure:11206: checking how to hardcode library paths into programs
configure:11231: result: immediate
configure:11325: checking for shl_load
configure:11325: gcc -o conftest   -L/groups/grigorieff/grigoriefflab/gware/fftw/lib -L/groups/grigorieff/grigoriefflab/gware/fftw/lib  conftest.c  >&5
/tmp/cclQuclt.o: In function `main':
conftest.c:(.text+0xa): undefined reference to `shl_load'
collect2: error: ld returned 1 exit status
configure:11325: $? = 1
configure: failed program was:
| /* confdefs.h */
| #define PACKAGE_NAME "ProjectX"
| #define PACKAGE_TARNAME "projectx"
| #define PACKAGE_VERSION "0.1"
| #define PACKAGE_STRING "ProjectX 0.1"
| #define PACKAGE_BUGREPORT ""
| #define PACKAGE_URL ""
| #define PACKAGE "projectx"
| #define VERSION "0.1"
| #define STDC_HEADERS 1
| #define HAVE_SYS_TYPES_H 1
| #define HAVE_SYS_STAT_H 1
| #define HAVE_STDLIB_H 1
| #define HAVE_STRING_H 1
| #define HAVE_MEMORY_H 1
| #define HAVE_STRINGS_H 1
| #define HAVE_INTTYPES_H 1
| #define HAVE_STDINT_H 1
| #define HAVE_UNISTD_H 1
| #define HAVE_DLFCN_H 1
| #define LT_OBJDIR ".libs/"
| /* end confdefs.h.  */
| /* Define shl_load to an innocuous variant, in case <limits.h> declares shl_load.
|    For example, HP-UX 11i <limits.h> declares gettimeofday.  */
| #define shl_load innocuous_shl_load
| 
| /* System header to define __stub macros and hopefully few prototypes,
|     which can conflict with char shl_load (); below.
|     Prefer <limits.h> to <assert.h> if __STDC__ is defined, since
|     <limits.h> exists even on freestanding compilers.  */
| 
| #ifdef __STDC__
| # include <limits.h>
| #else
| # include <assert.h>
| #endif
| 
| #undef shl_load
| 
| /* Override any GCC internal prototype to avoid an error.
|    Use char because int might match the return type of a GCC
|    builtin and then its argument prototype would still apply.  */
| #ifdef __cplusplus
| extern "C"
| #endif
| char shl_load ();
| /* The GNU C library defines this for functions which it implements
|     to always fail with ENOSYS.  Some functions are actually named
|     something starting with __ and the normal name is an alias.  */
| #if defined __stub_shl_load || defined __stub___shl_load
| choke me
| #endif
| 
| int
| main ()
| {
| return shl_load ();
|   ;
|   return 0;
| }
configure:11325: result: no
configure:11329: checking for shl_load in -ldld
configure:11354: gcc -o conftest   -L/groups/grigorieff/grigoriefflab/gware/fftw/lib -L/groups/grigorieff/grigoriefflab/gware/fftw/lib  conftest.c -ldld   >&5
/usr/bin/ld: cannot find -ldld
collect2: error: ld returned 1 exit status
configure:11354: $? = 1
configure: failed program was:
| /* confdefs.h */
| #define PACKAGE_NAME "ProjectX"
| #define PACKAGE_TARNAME "projectx"
| #define PACKAGE_VERSION "0.1"
| #define PACKAGE_STRING "ProjectX 0.1"
| #define PACKAGE_BUGREPORT ""
| #define PACKAGE_URL ""
| #define PACKAGE "projectx"
| #define VERSION "0.1"
| #define STDC_HEADERS 1
| #define HAVE_SYS_TYPES_H 1
| #define HAVE_SYS_STAT_H 1
| #define HAVE_STDLIB_H 1
| #define HAVE_STRING_H 1
| #define HAVE_MEMORY_H 1
| #define HAVE_STRINGS_H 1
| #define HAVE_INTTYPES_H 1
| #define HAVE_STDINT_H 1
| #define HAVE_UNISTD_H 1
| #define HAVE_DLFCN_H 1
| #define LT_OBJDIR ".libs/"
| /* end confdefs.h.  */
| 
| /* Override any GCC internal prototype to avoid an error.
|    Use char because int might match the return type of a GCC
|    builtin and then its argument prototype would still apply.  */
| #ifdef __cplusplus
| extern "C"
| #endif
| char shl_load ();
| int
| main ()
| {
| return shl_load ();
|   ;
|   return 0;
| }
configure:11363: result: no
configure:11368: checking for dlopen
configure:11368: gcc -o conftest   -L/groups/grigorieff/grigoriefflab/gware/fftw/lib -L/groups/grigorieff/grigoriefflab/gware/fftw/lib  conftest.c  >&5
/tmp/ccb4z8ID.o: In function `main':
conftest.c:(.text+0xa): undefined reference to `dlopen'
collect2: error: ld returned 1 exit status
configure:11368: $? = 1
configure: failed program was:
| /* confdefs.h */
| #define PACKAGE_NAME "ProjectX"
| #define PACKAGE_TARNAME "projectx"
| #define PACKAGE_VERSION "0.1"
| #define PACKAGE_STRING "ProjectX 0.1"
| #define PACKAGE_BUGREPORT ""
| #define PACKAGE_URL ""
| #define PACKAGE "projectx"
| #define VERSION "0.1"
| #define STDC_HEADERS 1
| #define HAVE_SYS_TYPES_H 1
| #define HAVE_SYS_STAT_H 1
| #define HAVE_STDLIB_H 1
| #define HAVE_STRING_H 1
| #define HAVE_MEMORY_H 1
| #define HAVE_STRINGS_H 1
| #define HAVE_INTTYPES_H 1
| #define HAVE_STDINT_H 1
| #define HAVE_UNISTD_H 1
| #define HAVE_DLFCN_H 1
| #define LT_OBJDIR ".libs/"
| /* end confdefs.h.  */
| /* Define dlopen to an innocuous variant, in case <limits.h> declares dlopen.
|    For example, HP-UX 11i <limits.h> declares gettimeofday.  */
| #define dlopen innocuous_dlopen
| 
| /* System header to define __stub macros and hopefully few prototypes,
|     which can conflict with char dlopen (); below.
|     Prefer <limits.h> to <assert.h> if __STDC__ is defined, since
|     <limits.h> exists even on freestanding compilers.  */
| 
| #ifdef __STDC__
| # include <limits.h>
| #else
| # include <assert.h>
| #endif
| 
| #undef dlopen
| 
| /* Override any GCC internal prototype to avoid an error.
|    Use char because int might match the return type of a GCC
|    builtin and then its argument prototype would still apply.  */
| #ifdef __cplusplus
| extern "C"
| #endif
| char dlopen ();
| /* The GNU C library defines this for functions which it implements
|     to always fail with ENOSYS.  Some functions are actually named
|     something starting with __ and the normal name is an alias.  */
| #if defined __stub_dlopen || defined __stub___dlopen
| choke me
| #endif
| 
| int
| main ()
| {
| return dlopen ();
|   ;
|   return 0;
| }
configure:11368: result: no
configure:11372: checking for dlopen in -ldl
configure:11397: gcc -o conftest   -L/groups/grigorieff/grigoriefflab/gware/fftw/lib -L/groups/grigorieff/grigoriefflab/gware/fftw/lib  conftest.c -ldl   >&5
configure:11397: $? = 0
configure:11406: result: yes
configure:11525: checking whether a program can dlopen itself
configure:11605: gcc -o conftest   -DHAVE_DLFCN_H -L/groups/grigorieff/grigoriefflab/gware/fftw/lib -L/groups/grigorieff/grigoriefflab/gware/fftw/lib  -Wl,--export-dynamic conftest.c -ldl  >&5
configure:11608: $? = 0
configure:11626: result: yes
configure:11631: checking whether a statically linked program can dlopen itself
configure:11711: gcc -o conftest   -DHAVE_DLFCN_H -L/groups/grigorieff/grigoriefflab/gware/fftw/lib -L/groups/grigorieff/grigoriefflab/gware/fftw/lib  -Wl,--export-dynamic  conftest.c -ldl  >&5
configure:11714: $? = 0
configure:11732: result: yes
configure:11771: checking whether stripping libraries is possible
configure:11776: result: yes
configure:11811: checking if libtool supports shared libraries
configure:11813: result: yes
configure:11816: checking whether to build shared libraries
configure:11837: result: yes
configure:11840: checking whether to build static libraries
configure:11844: result: yes
configure:11867: checking how to run the C++ preprocessor
configure:11894: g++ -E  conftest.cpp
configure:11894: $? = 0
configure:11908: g++ -E  conftest.cpp
conftest.cpp:23:28: fatal error: ac_nonexistent.h: No such file or directory
 #include <ac_nonexistent.h>
                            ^
compilation terminated.
configure:11908: $? = 1
configure: failed program was:
| /* confdefs.h */
| #define PACKAGE_NAME "ProjectX"
| #define PACKAGE_TARNAME "projectx"
| #define PACKAGE_VERSION "0.1"
| #define PACKAGE_STRING "ProjectX 0.1"
| #define PACKAGE_BUGREPORT ""
| #define PACKAGE_URL ""
| #define PACKAGE "projectx"
| #define VERSION "0.1"
| #define STDC_HEADERS 1
| #define HAVE_SYS_TYPES_H 1
| #define HAVE_SYS_STAT_H 1
| #define HAVE_STDLIB_H 1
| #define HAVE_STRING_H 1
| #define HAVE_MEMORY_H 1
| #define HAVE_STRINGS_H 1
| #define HAVE_INTTYPES_H 1
| #define HAVE_STDINT_H 1
| #define HAVE_UNISTD_H 1
| #define HAVE_DLFCN_H 1
| #define LT_OBJDIR ".libs/"
| /* end confdefs.h.  */
| #include <ac_nonexistent.h>
configure:11933: result: g++ -E
configure:11953: g++ -E  conftest.cpp
configure:11953: $? = 0
configure:11967: g++ -E  conftest.cpp
conftest.cpp:23:28: fatal error: ac_nonexistent.h: No such file or directory
 #include <ac_nonexistent.h>
                            ^
compilation terminated.
configure:11967: $? = 1
configure: failed program was:
| /* confdefs.h */
| #define PACKAGE_NAME "ProjectX"
| #define PACKAGE_TARNAME "projectx"
| #define PACKAGE_VERSION "0.1"
| #define PACKAGE_STRING "ProjectX 0.1"
| #define PACKAGE_BUGREPORT ""
| #define PACKAGE_URL ""
| #define PACKAGE "projectx"
| #define VERSION "0.1"
| #define STDC_HEADERS 1
| #define HAVE_SYS_TYPES_H 1
| #define HAVE_SYS_STAT_H 1
| #define HAVE_STDLIB_H 1
| #define HAVE_STRING_H 1
| #define HAVE_MEMORY_H 1
| #define HAVE_STRINGS_H 1
| #define HAVE_INTTYPES_H 1
| #define HAVE_STDINT_H 1
| #define HAVE_UNISTD_H 1
| #define HAVE_DLFCN_H 1
| #define LT_OBJDIR ".libs/"
| /* end confdefs.h.  */
| #include <ac_nonexistent.h>
configure:12136: checking for ld used by g++
configure:12203: result: /usr/bin/ld -m elf_x86_64
configure:12210: checking if the linker (/usr/bin/ld -m elf_x86_64) is GNU ld
configure:12225: result: yes
configure:12280: checking whether the g++ linker (/usr/bin/ld -m elf_x86_64) supports shared libraries
configure:13285: result: yes
configure:13321: g++ -c   conftest.cpp >&5
configure:13324: $? = 0
configure:13844: checking for g++ option to produce PIC
configure:13851: result: -fPIC -DPIC
configure:13859: checking if g++ PIC flag -fPIC -DPIC works
configure:13877: g++ -c   -fPIC -DPIC -DPIC conftest.cpp >&5
configure:13881: $? = 0
configure:13894: result: yes
configure:13917: checking if g++ static flag -static works
configure:13945: result: no
configure:13957: checking if g++ supports -c -o file.o
configure:13978: g++ -c   -o out/conftest2.o conftest.cpp >&5
configure:13982: $? = 0
configure:14004: result: yes
configure:14009: checking if g++ supports -c -o file.o
configure:14056: result: yes
configure:14086: checking whether the g++ linker (/usr/bin/ld -m elf_x86_64) supports shared libraries
configure:14122: result: yes
configure:14263: checking dynamic linker characteristics
configure:14934: result: GNU/Linux ld.so
configure:14987: checking how to hardcode library paths into programs
configure:15012: result: immediate
configure:15136: checking wxWidgets version
configure:15139: result: 3.0.2
configure:15178: checking fftw3.h usability
configure:15178: g++ -c -g -pg -D_FILE_OFFSET_BITS=64 -D_LARGEFILE_SOURCE -D_GNU_SOURCE -DDEBUG -g -pg -D_FILE_OFFSET_BITS=64 -D_LARGEFILE_SOURCE -D_GNU_SOURCE -DDEBUG conftest.cpp >&5
configure:15178: $? = 0
configure:15178: result: yes
configure:15178: checking fftw3.h presence
configure:15178: g++ -E -g -pg -D_FILE_OFFSET_BITS=64 -D_LARGEFILE_SOURCE -D_GNU_SOURCE -DDEBUG conftest.cpp
configure:15178: $? = 0
configure:15178: result: yes
configure:15178: checking for fftw3.h
configure:15178: result: yes
configure:15186: checking for fftw_import_wisdom_from_file in -lfftw3
configure:15211: g++ -o conftest -g -pg -D_FILE_OFFSET_BITS=64 -D_LARGEFILE_SOURCE -D_GNU_SOURCE -DDEBUG -g -pg -D_FILE_OFFSET_BITS=64 -D_LARGEFILE_SOURCE -D_GNU_SOURCE -DDEBUG -L/groups/grigorieff/grigoriefflab/gware/fftw/lib -L/groups/grigorieff/grigoriefflab/gware/fftw/lib  conftest.cpp -lfftw3   >&5
configure:15211: $? = 0
configure:15220: result: yes
configure:15443: checking that generated files are newer than configure
configure:15449: result: done
configure:15476: creating ./config.status

## ---------------------- ##
## Running config.status. ##
## ---------------------- ##

This file was extended by ProjectX config.status 0.1, which was
generated by GNU Autoconf 2.69.  Invocation command line was

  CONFIG_FILES    = 
  CONFIG_HEADERS  = 
  CONFIG_LINKS    = 
  CONFIG_COMMANDS = 
  $ ./config.status 

on oslo.janelia.priv

config.status:1076: creating Makefile
config.status:1076: creating src/Makefile
config.status:1248: executing depfiles commands
config.status:1248: executing libtool commands

## ---------------- ##
## Cache variables. ##
## ---------------- ##

ac_cv_build=x86_64-unknown-linux-gnu
ac_cv_c_compiler_gnu=yes
ac_cv_cxx_compiler_gnu=yes
ac_cv_env_CCC_set=
ac_cv_env_CCC_value=
ac_cv_env_CC_set=
ac_cv_env_CC_value=
ac_cv_env_CFLAGS_set=
ac_cv_env_CFLAGS_value=
ac_cv_env_CPPFLAGS_set=
ac_cv_env_CPPFLAGS_value=
ac_cv_env_CPP_set=
ac_cv_env_CPP_value=
ac_cv_env_CXXCPP_set=
ac_cv_env_CXXCPP_value=
ac_cv_env_CXXFLAGS_set=
ac_cv_env_CXXFLAGS_value=
ac_cv_env_CXX_set=
ac_cv_env_CXX_value=
ac_cv_env_LDFLAGS_set=set
ac_cv_env_LDFLAGS_value='-L/groups/grigorieff/grigoriefflab/gware/fftw/lib -L/groups/grigorieff/grigoriefflab/gware/fftw/lib '
ac_cv_env_LIBS_set=
ac_cv_env_LIBS_value=
ac_cv_env_build_alias_set=
ac_cv_env_build_alias_value=
ac_cv_env_host_alias_set=
ac_cv_env_host_alias_value=
ac_cv_env_target_alias_set=
ac_cv_env_target_alias_value=
ac_cv_func_dlopen=no
ac_cv_func_shl_load=no
ac_cv_header_dlfcn_h=yes
ac_cv_header_fftw3_h=yes
ac_cv_header_inttypes_h=yes
ac_cv_header_memory_h=yes
ac_cv_header_stdc=yes
ac_cv_header_stdint_h=yes
ac_cv_header_stdlib_h=yes
ac_cv_header_string_h=yes
ac_cv_header_strings_h=yes
ac_cv_header_sys_stat_h=yes
ac_cv_header_sys_types_h=yes
ac_cv_header_unistd_h=yes
ac_cv_host=x86_64-unknown-linux-gnu
ac_cv_lib_dl_dlopen=yes
ac_cv_lib_dld_shl_load=no
ac_cv_lib_fftw3_fftw_import_wisdom_from_file=yes
ac_cv_objext=o
ac_cv_path_EGREP='/usr/bin/grep -E'
ac_cv_path_FGREP='/usr/bin/grep -F'
ac_cv_path_GREP=/usr/bin/grep
ac_cv_path_SED=/usr/bin/sed
ac_cv_path_install='/usr/bin/install -c'
ac_cv_path_mkdir=/usr/bin/mkdir
ac_cv_prog_AWK=gawk
ac_cv_prog_CPP='gcc -E'
ac_cv_prog_CXXCPP='g++ -E'
ac_cv_prog_ac_ct_AR=ar
ac_cv_prog_ac_ct_CC=gcc
ac_cv_prog_ac_ct_CXX=g++
ac_cv_prog_ac_ct_OBJDUMP=objdump
ac_cv_prog_ac_ct_RANLIB=ranlib
ac_cv_prog_ac_ct_STRIP=strip
ac_cv_prog_cc_c89=
ac_cv_prog_cc_g=yes
ac_cv_prog_cxx_g=yes
ac_cv_prog_make_make_set=yes
am_cv_CC_dependencies_compiler_type=gcc3
am_cv_CXX_dependencies_compiler_type=gcc3
am_cv_make_support_nested_variables=yes
lt_cv_ar_at_file=@
lt_cv_archive_cmds_need_lc=no
lt_cv_deplibs_check_method=pass_all
lt_cv_dlopen=dlopen
lt_cv_dlopen_libs=-ldl
lt_cv_dlopen_self=yes
lt_cv_dlopen_self_static=yes
lt_cv_file_magic_cmd='$MAGIC_CMD'
lt_cv_file_magic_test_file=
lt_cv_ld_reload_flag=-r
lt_cv_nm_interface='BSD nm'
lt_cv_objdir=.libs
lt_cv_path_LD=/usr/bin/ld
lt_cv_path_LDCXX='/usr/bin/ld -m elf_x86_64'
lt_cv_path_NM='/usr/bin/nm -B'
lt_cv_path_mainfest_tool=no
lt_cv_prog_compiler_c_o=yes
lt_cv_prog_compiler_c_o_CXX=yes
lt_cv_prog_compiler_pic='-fPIC -DPIC'
lt_cv_prog_compiler_pic_CXX='-fPIC -DPIC'
lt_cv_prog_compiler_pic_works=yes
lt_cv_prog_compiler_pic_works_CXX=yes
lt_cv_prog_compiler_rtti_exceptions=no
lt_cv_prog_compiler_static_works=no
lt_cv_prog_compiler_static_works_CXX=no
lt_cv_prog_gnu_ld=yes
lt_cv_prog_gnu_ldcxx=yes
lt_cv_sharedlib_from_linklib_cmd='printf %s\n'
lt_cv_shlibpath_overrides_runpath=no
lt_cv_sys_global_symbol_pipe='sed -n -e '\''s/^.*[	 ]\([ABCDGIRSTW][ABCDGIRSTW]*\)[	 ][	 ]*\([_A-Za-z][_A-Za-z0-9]*\)$/\1 \2 \2/p'\'' | sed '\''/ __gnu_lto/d'\'''
lt_cv_sys_global_symbol_to_c_name_address='sed -n -e '\''s/^: \([^ ]*\)[ ]*$/  {\"\1\", (void *) 0},/p'\'' -e '\''s/^[ABCDGIRSTW]* \([^ ]*\) \([^ ]*\)$/  {"\2", (void *) \&\2},/p'\'''
lt_cv_sys_global_symbol_to_c_name_address_lib_prefix='sed -n -e '\''s/^: \([^ ]*\)[ ]*$/  {\"\1\", (void *) 0},/p'\'' -e '\''s/^[ABCDGIRSTW]* \([^ ]*\) \(lib[^ ]*\)$/  {"\2", (void *) \&\2},/p'\'' -e '\''s/^[ABCDGIRSTW]* \([^ ]*\) \([^ ]*\)$/  {"lib\2", (void *) \&\2},/p'\'''
lt_cv_sys_global_symbol_to_cdecl='sed -n -e '\''s/^T .* \(.*\)$/extern int \1();/p'\'' -e '\''s/^[ABCDGIRSTW]* .* \(.*\)$/extern char \1;/p'\'''
lt_cv_sys_max_cmd_len=1572864
lt_cv_to_host_file_cmd=func_convert_file_noop
lt_cv_to_tool_file_cmd=func_convert_file_noop

## ----------------- ##
## Output variables. ##
## ----------------- ##

ACLOCAL='aclocal-1.13'
AMDEPBACKSLASH='\'
AMDEP_FALSE='#'
AMDEP_TRUE=''
AMTAR='$${TAR-tar}'
AM_BACKSLASH='\'
AM_DEFAULT_V='$(AM_DEFAULT_VERBOSITY)'
AM_DEFAULT_VERBOSITY='1'
AM_V='$(V)'
AR='ar'
AUTOCONF='autoconf'
AUTOHEADER='autoheader'
AUTOMAKE='automake-1.13'
AWK='gawk'
CC='gcc'
CCDEPMODE='depmode=gcc3'
CFLAGS=''
CPP='gcc -E'
CPPFLAGS='-g -pg -D_FILE_OFFSET_BITS=64 -D_LARGEFILE_SOURCE -D_GNU_SOURCE -DDEBUG'
CXX='g++'
CXXCPP='g++ -E'
CXXDEPMODE='depmode=gcc3'
CXXFLAGS='-g -pg -D_FILE_OFFSET_BITS=64 -D_LARGEFILE_SOURCE -D_GNU_SOURCE -DDEBUG'
CYGPATH_W='echo'
DEFS='-DPACKAGE_NAME=\"ProjectX\" -DPACKAGE_TARNAME=\"projectx\" -DPACKAGE_VERSION=\"0.1\" -DPACKAGE_STRING=\"ProjectX\ 0.1\" -DPACKAGE_BUGREPORT=\"\" -DPACKAGE_URL=\"\" -DPACKAGE=\"projectx\" -DVERSION=\"0.1\" -DSTDC_HEADERS=1 -DHAVE_SYS_TYPES_H=1 -DHAVE_SYS_STAT_H=1 -DHAVE_STDLIB_H=1 -DHAVE_STRING_H=1 -DHAVE_MEMORY_H=1 -DHAVE_STRINGS_H=1 -DHAVE_INTTYPES_H=1 -DHAVE_STDINT_H=1 -DHAVE_UNISTD_H=1 -DHAVE_DLFCN_H=1 -DLT_OBJDIR=\".libs/\" -Dwx_is_available=1'
DEPDIR='.deps'
DLLTOOL='false'
DSYMUTIL=''
DUMPBIN=''
ECHO_C=''
ECHO_N='-n'
ECHO_T=''
EGREP='/usr/bin/grep -E'
EXEEXT=''
FGREP='/usr/bin/grep -F'
GREP='/usr/bin/grep'
INSTALL_DATA='${INSTALL} -m 644'
INSTALL_PROGRAM='${INSTALL}'
INSTALL_SCRIPT='${INSTALL}'
INSTALL_STRIP_PROGRAM='$(install_sh) -c -s'
LD='/usr/bin/ld -m elf_x86_64'
LDFLAGS='-L/groups/grigorieff/grigoriefflab/gware/fftw/lib -L/groups/grigorieff/grigoriefflab/gware/fftw/lib '
LIBOBJS=''
LIBS=' -lfftw3'
LIBTOOL='$(SHELL) $(top_builddir)/libtool'
LIPO=''
LN_S='ln -s'
LTLIBOBJS=''
MAKEINFO='makeinfo'
MANIFEST_TOOL=':'
MKDIR_P='/usr/bin/mkdir -p'
NM='/usr/bin/nm -B'
NMEDIT=''
OBJDUMP='objdump'
OBJEXT='o'
OTOOL64=''
OTOOL=''
PACKAGE='projectx'
PACKAGE_BUGREPORT=''
PACKAGE_NAME='ProjectX'
PACKAGE_STRING='ProjectX 0.1'
PACKAGE_TARNAME='projectx'
PACKAGE_URL=''
PACKAGE_VERSION='0.1'
PATH_SEPARATOR=':'
RANLIB='ranlib'
SED='/usr/bin/sed'
SET_MAKE=''
SHELL='/bin/sh'
STRIP='strip'
VERSION='0.1'
WX_CPPFLAGS='-I/groups/grigorieff/home/grantt/Apps/wxWidgets3/lib/wx/include/gtk2-unicode-static-3.0 -I/groups/grigorieff/home/grantt/Apps/wxWidgets3/include/wx-3.0 -D_FILE_OFFSET_BITS=64 -D__WXGTK__'
WX_LIBS='-L/groups/grigorieff/home/grantt/Apps/wxWidgets3/lib -pthread   /groups/grigorieff/home/grantt/Apps/wxWidgets3/lib/libwx_gtk2u_aui-3.0.a /groups/grigorieff/home/grantt/Apps/wxWidgets3/lib/libwx_gtk2u_xrc-3.0.a /groups/grigorieff/home/grantt/Apps/wxWidgets3/lib/libwx_gtk2u_qa-3.0.a /groups/grigorieff/home/grantt/Apps/wxWidgets3/lib/libwx_baseu_net-3.0.a /groups/grigorieff/home/grantt/Apps/wxWidgets3/lib/libwx_gtk2u_html-3.0.a /groups/grigorieff/home/grantt/Apps/wxWidgets3/lib/libwx_gtk2u_adv-3.0.a /groups/grigorieff/home/grantt/Apps/wxWidgets3/lib/libwx_gtk2u_core-3.0.a /groups/grigorieff/home/grantt/Apps/wxWidgets3/lib/libwx_baseu_xml-3.0.a /groups/grigorieff/home/grantt/Apps/wxWidgets3/lib/libwx_baseu-3.0.a -lgthread-2.0 -pthread -lX11 -lXxf86vm -lSM -lgtk-x11-2.0 -lgdk-x11-2.0 -lpangocairo-1.0 -latk-1.0 -lcairo -lgdk_pixbuf-2.0 -lgio-2.0 -lpangoft2-1.0 -lpango-1.0 -lgobject-2.0 -lglib-2.0 -lfontconfig -lfreetype -lpng -ljpeg -ltiff -lexpat -lwxregexu-3.0 -lz -ldl -lm '
ac_ct_AR='ar'
ac_ct_CC='gcc'
ac_ct_CXX='g++'
ac_ct_DUMPBIN=''
am__EXEEXT_FALSE=''
am__EXEEXT_TRUE='#'
am__fastdepCC_FALSE='#'
am__fastdepCC_TRUE=''
am__fastdepCXX_FALSE='#'
am__fastdepCXX_TRUE=''
am__include='include'
am__isrc=''
am__leading_dot='.'
am__nodep='_no'
am__quote=''
am__tar='$${TAR-tar} chof - "$$tardir"'
am__untar='$${TAR-tar} xf -'
bindir='${exec_prefix}/bin'
build='x86_64-unknown-linux-gnu'
build_alias=''
build_cpu='x86_64'
build_os='linux-gnu'
build_vendor='unknown'
datadir='${datarootdir}'
datarootdir='${prefix}/share'
docdir='${datarootdir}/doc/${PACKAGE_TARNAME}'
dvidir='${docdir}'
exec_prefix='${prefix}'
host='x86_64-unknown-linux-gnu'
host_alias=''
host_cpu='x86_64'
host_os='linux-gnu'
host_vendor='unknown'
htmldir='${docdir}'
includedir='${prefix}/include'
infodir='${datarootdir}/info'
install_sh='${SHELL} /groups/grigorieff/home/grantt/Apps/workspace/ProjectX/install-sh'
libdir='${exec_prefix}/lib'
libexecdir='${exec_prefix}/libexec'
localedir='${datarootdir}/locale'
localstatedir='${prefix}/var'
mandir='${datarootdir}/man'
mkdir_p='$(MKDIR_P)'
oldincludedir='/usr/include'
pdfdir='${docdir}'
prefix='/usr/local'
program_transform_name='s,x,x,'
psdir='${docdir}'
sbindir='${exec_prefix}/sbin'
sharedstatedir='${prefix}/com'
sysconfdir='${prefix}/etc'
target_alias=''

## ----------- ##
## confdefs.h. ##
## ----------- ##

/* confdefs.h */
#define PACKAGE_NAME "ProjectX"
#define PACKAGE_TARNAME "projectx"
#define PACKAGE_VERSION "0.1"
#define PACKAGE_STRING "ProjectX 0.1"
#define PACKAGE_BUGREPORT ""
#define PACKAGE_URL ""
#define PACKAGE "projectx"
#define VERSION "0.1"
#define STDC_HEADERS 1
#define HAVE_SYS_TYPES_H 1
#define HAVE_SYS_STAT_H 1
#define HAVE_STDLIB_H 1
#define HAVE_STRING_H 1
#define HAVE_MEMORY_H 1
#define HAVE_STRINGS_H 1
#define HAVE_INTTYPES_H 1
#define HAVE_STDINT_H 1
#define HAVE_UNISTD_H 1
#define HAVE_DLFCN_H 1
#define LT_OBJDIR ".libs/"
#define wx_is_available 1

configure: exit 0
