GpuUtilTest is running!

	Init histogram
requesting 1 gpus
CUDA-capable device count: 2
For thread 0 of nGpus 1 assigned 0
Setting up the histogram

Thread 0 is running on device 0
Starting position 0/ 10


Allocating a 2d Plan

Starting position 1/ 10
Starting position 2/ 10
Starting position 3/ 10
Starting position 4/ 10
Starting position 5/ 10
Starting position 6/ 10
Starting position 7/ 10
Starting position 8/ 10
Starting position 9/ 10
Starting position 10/ 10
		
total number 2651


	Timings: Overall: 00:00:12
I made it here
